# vsim -coverage -l reg_reserved_chk.log -c test_bench -voptargs="+cover=bcesft" -assertdebug -do "coverage save -onexit reg_reserved_chk.ucdb; log -r /*;run -all" 
# Start time: 17:52:10 on Jul 09,2025
# ** Note: (vsim-3813) Design is being optimized due to module recompilation...
# //  Questa Intel Starter FPGA Edition-64
# //  Version 2023.3 linux_x86_64 Jul 17 2023
# //
# //  Copyright 1991-2023 Mentor Graphics Corporation
# //  All Rights Reserved.
# //
# //  QuestaSim and its associated documentation contain trade
# //  secrets and commercial or financial information that are the property of
# //  Mentor Graphics Corporation and are privileged, confidential,
# //  and exempt from disclosure under the Freedom of Information Act,
# //  5 U.S.C. Section 552. Furthermore, this information
# //  is prohibited from disclosure under the Trade Secrets Act,
# //  18 U.S.C. Section 1905.
# //
# Loading work.test_bench(fast)
# coverage save -onexit reg_reserved_chk.ucdb
#  log -r /*
# run -all
# ====================================
# ====== Test Case: check Reserved  ========
# ====================================
# t=       100 [TB_WRITE]: addr=ffffffff data=ffff1234
# t=       375 [TB_READ]: addr=ffffffff rdata=00000000
# ------------------------------------------------
# t=       375 PASS: rdata = 00000000 at addr ffffffff is correct
# ------------------------------------------------
# Test_result PASSED
# ** Note: $finish    : ../tb/test_bench.v(119)
#    Time: 475 ns  Iteration: 0  Instance: /test_bench
# Saving coverage database on exit...
# End time: 17:52:12 on Jul 09,2025, Elapsed time: 0:00:02
# Errors: 0, Warnings: 0
