# vsim -debugDB -l reg_init_chk.log -voptargs="+access" -assertdebug -c test_bench -do "log -r /*;run -all;" 
# Start time: 23:17:42 on Jul 08,2025
# ** Note: (vsim-3812) Design is being optimized...
# ** Note: (vsim-8611) Generating debug db.
# ** Warning: (vopt-4308) Enabling visibility using +acc is recommended with debug flow.
# ** Note: (vsim-12126) Error and warning message counts have been restored: Errors=0, Warnings=1.
# //  Questa Intel Starter FPGA Edition-64
# //  Version 2023.3 linux_x86_64 Jul 17 2023
# //
# //  Copyright 1991-2023 Mentor Graphics Corporation
# //  All Rights Reserved.
# //
# //  QuestaSim and its associated documentation contain trade
# //  secrets and commercial or financial information that are the property of
# //  Mentor Graphics Corporation and are privileged, confidential,
# //  and exempt from disclosure under the Freedom of Information Act,
# //  5 U.S.C. Section 552. Furthermore, this information
# //  is prohibited from disclosure under the Trade Secrets Act,
# //  18 U.S.C. Section 1905.
# //
# Loading work.test_bench(fast)
# Loading work.timer_top(fast)
# Loading work.apb_interface(fast)
# Loading work.register(fast)
# Loading work.counter(fast)
# Loading work.counter_control(fast)
# ** Note: (vsim-8900) Creating design debug database vsim.dbg.
# log -r /*
# run -all
# ====================================
# ====== Test Case: check Reset Value  ========
# ====================================
# t=       225 [TB_READ]: addr=00000000 rdata=00000100
# ------------------------------------------------
# t=       225 PASS: rdata = 00000100 at addr 00000000 is correct
# ------------------------------------------------
# t=       375 [TB_READ]: addr=00000004 rdata=00000000
# ------------------------------------------------
# t=       375 PASS: rdata = 00000000 at addr 00000004 is correct
# ------------------------------------------------
# t=       525 [TB_READ]: addr=00000008 rdata=00000000
# ------------------------------------------------
# t=       525 PASS: rdata = 00000000 at addr 00000008 is correct
# ------------------------------------------------
# t=       675 [TB_READ]: addr=0000000c rdata=ffffffff
# ------------------------------------------------
# t=       675 PASS: rdata = ffffffff at addr 0000000c is correct
# ------------------------------------------------
# t=       825 [TB_READ]: addr=00000010 rdata=ffffffff
# ------------------------------------------------
# t=       825 PASS: rdata = ffffffff at addr 00000010 is correct
# ------------------------------------------------
# t=       975 [TB_READ]: addr=00000014 rdata=00000000
# ------------------------------------------------
# t=       975 PASS: rdata = 00000000 at addr 00000014 is correct
# ------------------------------------------------
# t=      1125 [TB_READ]: addr=00000018 rdata=00000000
# ------------------------------------------------
# t=      1125 PASS: rdata = 00000000 at addr 00000018 is correct
# ------------------------------------------------
# t=      1275 [TB_READ]: addr=0000001c rdata=00000000
# ------------------------------------------------
# t=      1275 PASS: rdata = 00000000 at addr 0000001c is correct
# ------------------------------------------------
# ====================================
# ====== Test Case: check Reset after write  ========
# t=      1275 [TB_WRITE]: addr=00000000 data=ffffffff
# t=      1426 [TB_WRITE]: addr=00000004 data=ffffffff
# t=      1576 [TB_WRITE]: addr=00000008 data=ffffffff
# t=      1726 [TB_WRITE]: addr=0000000c data=ffffffff
# t=      1876 [TB_WRITE]: addr=00000010 data=ffffffff
# t=      2026 [TB_WRITE]: addr=00000014 data=ffffffff
# t=      2176 [TB_WRITE]: addr=00000018 data=ffffffff
# t=      2475 [TB_READ]: addr=00000000 rdata=00000103
# t=      2625 [TB_READ]: addr=00000004 rdata=ffffffff
# t=      2775 [TB_READ]: addr=00000008 rdata=ffffffff
# t=      2925 [TB_READ]: addr=0000000c rdata=ffffffff
# t=      3075 [TB_READ]: addr=00000010 rdata=ffffffff
# t=      3225 [TB_READ]: addr=00000014 rdata=00000001
# t=      3375 [TB_READ]: addr=00000018 rdata=00000001
# t=      3525 [TB_READ]: addr=00000000 rdata=00000100
# ------------------------------------------------
# t=      3525 PASS: rdata = 00000100 at addr 00000000 is correct
# ------------------------------------------------
# t=      3675 [TB_READ]: addr=00000004 rdata=00000000
# ------------------------------------------------
# t=      3675 PASS: rdata = 00000000 at addr 00000004 is correct
# ------------------------------------------------
# t=      3825 [TB_READ]: addr=00000008 rdata=00000000
# ------------------------------------------------
# t=      3825 PASS: rdata = 00000000 at addr 00000008 is correct
# ------------------------------------------------
# t=      3975 [TB_READ]: addr=0000000c rdata=ffffffff
# ------------------------------------------------
# t=      3975 PASS: rdata = ffffffff at addr 0000000c is correct
# ------------------------------------------------
# t=      4125 [TB_READ]: addr=00000010 rdata=ffffffff
# ------------------------------------------------
# t=      4125 PASS: rdata = ffffffff at addr 00000010 is correct
# ------------------------------------------------
# t=      4275 [TB_READ]: addr=00000014 rdata=00000000
# ------------------------------------------------
# t=      4275 PASS: rdata = 00000000 at addr 00000014 is correct
# ------------------------------------------------
# t=      4425 [TB_READ]: addr=00000018 rdata=00000000
# ------------------------------------------------
# t=      4425 PASS: rdata = 00000000 at addr 00000018 is correct
# ------------------------------------------------
# t=      4575 [TB_READ]: addr=0000001c rdata=00000000
# ------------------------------------------------
# t=      4575 PASS: rdata = 00000000 at addr 0000001c is correct
# ------------------------------------------------
# Test_result PASSED
# ** Note: $finish    : ../tb/test_bench.v(76)
#    Time: 4675 ns  Iteration: 0  Instance: /test_bench
# End time: 23:17:46 on Jul 08,2025, Elapsed time: 0:00:04
# Errors: 0, Warnings: 1
